<?xml version="1.0" encoding="UTF-8"?>
<!-- Generated by org.testng.reporters.JUnitReportReporter -->
<testsuite hostname="sravs" failures="0" tests="1" name="testCases.TestCase8" time="14.958" errors="0" timestamp="2023-10-17T23:19:36 IST" skipped="0">
  <testcase classname="testCases.TestCase8" name="VerifyAllProducts" time="14.958"/>
</testsuite> <!-- testCases.TestCase8 -->
