<?xml version="1.0" encoding="UTF-8"?>
<!-- Generated by org.testng.reporters.JUnitReportReporter -->
<testsuite hostname="sravs" failures="0" tests="1" name="testCases.TestCase19" time="23.521" errors="0" timestamp="2023-10-18T20:03:05 IST" skipped="0">
  <testcase classname="testCases.TestCase19" name="ViewCartBrandProducts" time="23.521"/>
</testsuite> <!-- testCases.TestCase19 -->
