<?xml version="1.0" encoding="UTF-8"?>
<!-- Generated by org.testng.reporters.JUnitReportReporter -->
<testsuite hostname="sravs" failures="0" tests="1" name="testCases.practice" time="151.051" errors="0" timestamp="2023-10-17T17:34:48 IST" skipped="0">
  <testcase classname="testCases.practice" name="title" time="151.051"/>
</testsuite> <!-- testCases.practice -->
