<?xml version="1.0" encoding="UTF-8"?>
<!-- Generated by org.testng.reporters.JUnitReportReporter -->
<testsuite hostname="sravs" failures="0" tests="1" name="testCases.TestCase6" time="5.084" errors="0" timestamp="2023-10-17T17:28:17 IST" skipped="0">
  <testcase classname="testCases.TestCase6" name="ContactForm" time="5.084"/>
</testsuite> <!-- testCases.TestCase6 -->
