<?xml version="1.0" encoding="UTF-8"?>
<!-- Generated by org.testng.reporters.JUnitReportReporter -->
<testsuite hostname="sravs" failures="0" tests="1" name="testCases.TestCase13" time="17.053" errors="0" timestamp="2023-10-18T18:45:27 IST" skipped="0">
  <testcase classname="testCases.TestCase13" name="ProductQuantity" time="17.053"/>
</testsuite> <!-- testCases.TestCase13 -->
