<?xml version="1.0" encoding="UTF-8"?>
<!-- Generated by org.testng.reporters.JUnitReportReporter -->
<testsuite hostname="sravs" failures="0" tests="1" name="testCases.TestCase9" time="15.378" errors="0" timestamp="2023-10-17T23:39:04 IST" skipped="0">
  <testcase classname="testCases.TestCase9" name="SearchBtn" time="15.378"/>
</testsuite> <!-- testCases.TestCase9 -->
