<?xml version="1.0" encoding="UTF-8"?>
<!-- Generated by org.testng.reporters.JUnitReportReporter -->
<testsuite hostname="sravs" failures="0" tests="1" name="testCases.TestCase3" time="9.502" errors="0" timestamp="2023-10-16T17:20:13 IST" skipped="0">
  <testcase classname="testCases.TestCase3" name="loginwithValidInputs" time="9.502"/>
</testsuite> <!-- testCases.TestCase3 -->
