<?xml version="1.0" encoding="UTF-8"?>
<!-- Generated by org.testng.reporters.JUnitReportReporter -->
<testsuite hostname="sravs" failures="0" tests="1" name="testCases.TestCase12" time="3.477" errors="0" timestamp="2023-12-19T23:29:21 IST" skipped="0">
  <testcase classname="testCases.TestCase12" name="AddProductinCart" time="3.477"/>
</testsuite> <!-- testCases.TestCase12 -->
