<?xml version="1.0" encoding="UTF-8"?>
<!-- Generated by org.testng.reporters.JUnitReportReporter -->
<testsuite hostname="sravs" failures="0" tests="1" name="testCases.LaunchURL" time="3.304" errors="0" timestamp="2023-10-16T04:59:22 IST" skipped="0">
  <testcase classname="testCases.LaunchURL" name="LaunchingURL" time="3.304"/>
</testsuite> <!-- testCases.LaunchURL -->
