<?xml version="1.0" encoding="UTF-8"?>
<!-- Generated by org.testng.reporters.JUnitReportReporter -->
<testsuite hostname="sravs" failures="0" tests="1" name="testCases.TestCase7" time="4.244" errors="0" timestamp="2023-10-17T16:44:08 IST" skipped="0">
  <testcase classname="testCases.TestCase7" name="TestCase" time="4.244"/>
</testsuite> <!-- testCases.TestCase7 -->
