<?xml version="1.0" encoding="UTF-8"?>
<!-- Generated by org.testng.reporters.JUnitReportReporter -->
<testsuite hostname="sravs" failures="0" tests="1" name="testCases.TestCase10" time="3.171" errors="0" timestamp="2023-10-18T00:11:27 IST" skipped="0">
  <testcase classname="testCases.TestCase10" name="Subscription" time="3.171"/>
</testsuite> <!-- testCases.TestCase10 -->
