<?xml version="1.0" encoding="UTF-8"?>
<!-- Generated by org.testng.reporters.JUnitReportReporter -->
<testsuite hostname="sravs" failures="0" tests="1" name="testCases.NewUserRegisterTestCase" time="27.485" errors="0" timestamp="2023-10-16T15:48:22 IST" skipped="0">
  <testcase classname="testCases.NewUserRegisterTestCase" name="Signup" time="27.485"/>
</testsuite> <!-- testCases.NewUserRegisterTestCase -->
