<?xml version="1.0" encoding="UTF-8"?>
<!-- Generated by org.testng.reporters.JUnitReportReporter -->
<testsuite hostname="sravs" failures="0" tests="1" name="testCases.TestCase17" time="5.688" errors="0" timestamp="2023-10-18T04:55:13 IST" skipped="0">
  <testcase classname="testCases.TestCase17" name="RemoveFromCart" time="5.688"/>
</testsuite> <!-- testCases.TestCase17 -->
