<?xml version="1.0" encoding="UTF-8"?>
<!-- Generated by org.testng.reporters.JUnitReportReporter -->
<testsuite hostname="sravs" failures="0" tests="1" name="testCases.TestCase11" time="5.048" errors="0" timestamp="2023-10-18T00:15:01 IST" skipped="0">
  <testcase classname="testCases.TestCase11" name="Subscription" time="5.048"/>
</testsuite> <!-- testCases.TestCase11 -->
